<?xml version="1.0" encoding="UTF-8"?>
<!-- Generated by org.testng.reporters.JUnitReportReporter -->
<testsuite skipped="0" hostname="RubsLenovo" name="selenium_sessions.GoogleTest" tests="6" failures="0" timestamp="2021-04-06T00:57:38 CDT" time="85.271" errors="0">
  <testcase name="googleTitleTest" time="13.017" classname="selenium_sessions.GoogleTest"/>
  <system-out/>
  <testcase name="googleLogoTest" time="13.756" classname="selenium_sessions.GoogleTest"/>
  <system-out/>
  <testcase name="gmailLinkTest" time="13.834" classname="selenium_sessions.GoogleTest"/>
  <system-out/>
  <testcase name="test1" time="12.938" classname="selenium_sessions.GoogleTest"/>
  <system-out/>
  <testcase name="test2" time="18.153" classname="selenium_sessions.GoogleTest"/>
  <system-out/>
  <testcase name="test3" time="13.573" classname="selenium_sessions.GoogleTest"/>
  <system-out/>
</testsuite> <!-- selenium_sessions.GoogleTest -->
