<?xml version="1.0" encoding="UTF-8"?>
<!-- Generated by org.testng.reporters.JUnitReportReporter -->
<testsuite skipped="0" hostname="RubsLenovo" name="selenium_sessions.TestNG_dependsOnMethods" tests="4" failures="0" timestamp="2021-04-06T00:57:38 CDT" time="0.005" errors="0">
  <testcase name="searchPageTest" time="0.001" classname="selenium_sessions.TestNG_dependsOnMethods"/>
  <system-out/>
  <testcase name="registrationPageTest" time="0.001" classname="selenium_sessions.TestNG_dependsOnMethods"/>
  <system-out/>
  <testcase name="loginTest" time="0.002" classname="selenium_sessions.TestNG_dependsOnMethods"/>
  <system-out/>
  <testcase name="homePageTest" time="0.001" classname="selenium_sessions.TestNG_dependsOnMethods"/>
  <system-out/>
</testsuite> <!-- selenium_sessions.TestNG_dependsOnMethods -->
