<?xml version="1.0" encoding="UTF-8"?>
<!-- Generated by org.testng.reporters.JUnitReportReporter -->
<testsuite skipped="0" hostname="RubsLenovo" name="selenium_sessions.TestNG_Features" tests="4" failures="0" timestamp="2021-04-06T00:12:05 CDT" time="0.032" errors="0">
  <testcase name="homePageTest" time="0.003" classname="selenium_sessions.TestNG_Features"/>
  <system-out/>
  <testcase name="registrationPageTest" time="0.005" classname="selenium_sessions.TestNG_Features"/>
  <system-out/>
  <testcase name="loginTest" time="0.019" classname="selenium_sessions.TestNG_Features"/>
  <system-out/>
  <testcase name="searchPageTest" time="0.005" classname="selenium_sessions.TestNG_Features"/>
  <system-out/>
</testsuite> <!-- selenium_sessions.TestNG_Features -->
