<?xml version="1.0" encoding="UTF-8"?>
<!-- Generated by org.testng.reporters.JUnitReportReporter -->
<testsuite skipped="0" hostname="RubsLenovo" name="selenium_sessions.TestNG_InvocationCountTest" tests="10" failures="0" timestamp="2021-04-06T00:57:38 CDT" time="0.037" errors="0">
  <testcase name="sum" time="0.003" classname="selenium_sessions.TestNG_InvocationCountTest"/>
  <system-out/>
  <testcase name="sum" time="0.004" classname="selenium_sessions.TestNG_InvocationCountTest"/>
  <system-out/>
  <testcase name="sum" time="0.001" classname="selenium_sessions.TestNG_InvocationCountTest"/>
  <system-out/>
  <testcase name="sum" time="0.015" classname="selenium_sessions.TestNG_InvocationCountTest"/>
  <system-out/>
  <testcase name="sum" time="0.000" classname="selenium_sessions.TestNG_InvocationCountTest"/>
  <system-out/>
  <testcase name="sum" time="0.001" classname="selenium_sessions.TestNG_InvocationCountTest"/>
  <system-out/>
  <testcase name="sum" time="0.003" classname="selenium_sessions.TestNG_InvocationCountTest"/>
  <system-out/>
  <testcase name="sum" time="0.002" classname="selenium_sessions.TestNG_InvocationCountTest"/>
  <system-out/>
  <testcase name="sum" time="0.007" classname="selenium_sessions.TestNG_InvocationCountTest"/>
  <system-out/>
  <testcase name="sum" time="0.001" classname="selenium_sessions.TestNG_InvocationCountTest"/>
  <system-out/>
</testsuite> <!-- selenium_sessions.TestNG_InvocationCountTest -->
