<?xml version="1.0" encoding="UTF-8"?>
<!-- Generated by org.testng.reporters.JUnitReportReporter -->
<testsuite skipped="0" hostname="RubsLenovo" name="selenium_sessions.TestNG_tutorial1" tests="3" failures="0" timestamp="2021-04-06T00:57:38 CDT" time="0.011" errors="0">
  <testcase name="searchTest" time="0.002" classname="selenium_sessions.TestNG_tutorial1"/>
  <system-out/>
  <testcase name="googleTitleTest" time="0.003" classname="selenium_sessions.TestNG_tutorial1"/>
  <system-out/>
  <testcase name="googleLogoTest" time="0.006" classname="selenium_sessions.TestNG_tutorial1"/>
  <system-out/>
</testsuite> <!-- selenium_sessions.TestNG_tutorial1 -->
